TN:
SF:/root/xpdf-3.02/xpdf/pdfimages.cc
FN:68,main
FNDA:13736,main
DA:68,13736
DA:77,13736
DA:80,13736
DA:81,13736
DA:82,0
DA:83,0
DA:84,0
DA:85,0
DA:87,0
DA:89,13736
DA:90,13736
DA:93,13736
DA:94,13736
DA:95,0
DA:99,13736
DA:100,0
DA:102,13736
DA:104,13736
DA:105,0
DA:107,13736
DA:109,13736
DA:110,13735
DA:111,0
DA:113,13735
DA:114,0
DA:116,13735
DA:117,8821
DA:118,8821
DA:122,4914
DA:123,0
DA:124,0
DA:125,0
DA:129,4914
DA:130,0
DA:131,4914
DA:132,4914
DA:135,4914
DA:136,4914
DA:137,4914
DA:140,4914
DA:142,4914
DA:145,13735
DA:146,13735
DA:147,13735
DA:148,0
DA:151,13735
DA:154,13735
end_of_record
