TN:
SF:/home/cyrus/Desktop/xpdf-3.02-gcov/xpdf/pdfimages.cc
FN:68,main
FNDA:1774,main
DA:68,1774
DA:77,1774
DA:80,1774
DA:81,1774
DA:82,0
DA:83,0
DA:84,0
DA:85,0
DA:87,0
DA:89,1774
DA:90,1774
DA:93,1774
DA:94,1774
DA:95,0
DA:99,1774
DA:100,0
DA:102,1774
DA:104,1774
DA:105,0
DA:107,1774
DA:109,1774
DA:110,1770
DA:111,0
DA:113,1770
DA:114,0
DA:116,1770
DA:117,772
DA:118,772
DA:122,998
DA:123,0
DA:124,0
DA:125,0
DA:129,998
DA:130,0
DA:131,998
DA:132,998
DA:135,998
DA:136,998
DA:137,998
DA:140,998
DA:142,998
DA:145,1770
DA:146,1770
DA:147,1770
DA:148,0
DA:151,1770
DA:154,1770
end_of_record
