TN:
SF:/home/zhujiahao/桌面/binutils-2.39-gcov/binutils/cxxfilt.c
FN:53,demangle_it
FNDA:0,demangle_it
FN:80,print_demangler_list
FNDA:1,print_demangler_list
FN:95,usage
FNDA:1,usage
FN:133,standard_symbol_characters
FNDA:0,standard_symbol_characters
FN:141,main
FNDA:1,main
DA:53,0
DA:56,0
DA:61,0
DA:62,0
DA:63,0
DA:64,0
DA:66,0
DA:68,0
DA:69,0
DA:72,0
DA:73,0
DA:74,0
DA:75,0
DA:77,0
DA:80,1
DA:84,1
DA:86,1
DA:87,7
DA:88,6
DA:89,6
DA:91,1
DA:92,1
DA:95,1
DA:97,1
DA:99,1
DA:103,1
DA:106,1
DA:113,1
DA:114,1
DA:116,1
DA:123,1
DA:124,0
DA:125,1
DA:133,0
DA:135,0
DA:141,1
DA:145,1
DA:147,1
DA:148,1
DA:149,1
DA:151,1
DA:153,2
DA:155,1
DA:157,1
DA:158,1
DA:160,0
DA:161,0
DA:162,0
DA:163,0
DA:164,0
DA:165,0
DA:166,0
DA:167,0
DA:168,0
DA:169,0
DA:170,0
DA:171,0
DA:172,0
DA:173,0
DA:174,0
DA:175,0
DA:176,0
DA:177,0
DA:178,0
DA:179,0
DA:180,0
DA:181,0
DA:182,0
DA:183,0
DA:184,0
DA:185,0
DA:186,0
DA:187,0
DA:188,0
DA:190,0
DA:192,0
DA:194,0
DA:195,0
DA:197,1
DA:199,0
DA:201,0
DA:203,0
DA:204,0
DA:207,0
DA:210,0
DA:212,0
DA:218,0
DA:219,0
DA:220,0
DA:224,0
DA:228,0
DA:230,0
DA:232,0
DA:234,0
DA:236,0
DA:237,0
DA:238,0
DA:239,0
DA:242,0
DA:244,0
DA:245,0
DA:248,0
DA:249,0
DA:253,0
DA:254,0
DA:255,0
DA:258,0
DA:259,0
end_of_record
